0 info it worked if it ends with ok
1 verbose cli [ 'C:\\Program Files\\nodejs\\node.exe',
1 verbose cli   'C:\\Program Files\\nodejs\\node_modules\\npm\\bin\\npm-cli.js',
1 verbose cli   'run',
1 verbose cli   'build' ]
2 info using npm@4.1.2
3 info using node@v7.6.0
4 verbose run-script [ 'prebuild', 'build', 'postbuild' ]
5 info lifecycle readium-desktop@0.0.1-alpha1~prebuild: readium-desktop@0.0.1-alpha1
6 silly lifecycle readium-desktop@0.0.1-alpha1~prebuild: no script for prebuild, continuing
7 info lifecycle readium-desktop@0.0.1-alpha1~build: readium-desktop@0.0.1-alpha1
8 verbose lifecycle readium-desktop@0.0.1-alpha1~build: unsafe-perm in lifecycle true
9 verbose lifecycle readium-desktop@0.0.1-alpha1~build: PATH: C:\Program Files\nodejs\node_modules\npm\bin\node-gyp-bin;C:\Users\Léo\Desktop\readiium-desktop\node_modules\.bin;C:\Users\Léo\Desktop\readiium-desktop\node_modules\.bin;C:\Users\Léo\AppData\Local\Yarn\config\link\node_modules\.bin;C:\Users\Léo\Desktop\readiium-desktop\node_modules\.bin;C:\Users\Léo\AppData\Local\Yarn\config\link\node_modules\.bin;C:\Program Files (x86)\Yarn\bin\node-gyp-bin;C:\Users\Léo\bin;C:\Program Files\Git\mingw64\bin;C:\Program Files\Git\usr\local\bin;C:\Program Files\Git\usr\bin;C:\Program Files\Git\usr\bin;C:\Program Files\Git\mingw64\bin;C:\Program Files\Git\usr\bin;C:\Users\Léo\bin;C:\ProgramData\Oracle\Java\javapath;C:\Program Files (x86)\NVIDIA Corporation\PhysX\Common;C:\Program Files (x86)\Intel\iCLS Client;C:\Program Files\Intel\iCLS Client;C:\Program Files\Broadcom\Broadcom 802.11 Network Adapter;C:\WINDOWS\system32;C:\WINDOWS;C:\WINDOWS\System32\Wbem;C:\WINDOWS\System32\WindowsPowerShell\v1.0;C:\Program Files\WIDCOMM\Bluetooth Software;C:\Program Files\WIDCOMM\Bluetooth Software\syswow64;C:\Program Files\Intel\Intel(R) Management Engine Components\DAL;C:\Program Files\Intel\Intel(R) Management Engine Components\IPT;C:\Program Files (x86)\Intel\Intel(R) Management Engine Components\DAL;C:\Program Files (x86)\Intel\Intel(R) Management Engine Components\IPT;C:\Program Files\TortoiseSVN\bin;C:\Program Files (x86)\GitExtensions;C:\Program Files\Java\jdk1.8.0_74\bin;C:\Program Files\Microsoft SQL Server\Client SDK\ODBC\110\Tools\Binn;C:\Program Files (x86)\Microsoft SQL Server\120\Tools\Binn;C:\Program Files\Microsoft SQL Server\120\Tools\Binn;C:\Program Files\Microsoft SQL Server\120\DTS\Binn;C:\Program Files (x86)\Microsoft SQL Server\120\Tools\Binn\ManagementStudio;C:\Program Files (x86)\Microsoft SQL Server\120\DTS\Binn;C:\Program Files (x86)\GtkSharp\2.12\bin;C:\Program Files\Microsoft SQL Server\130\Tools\Binn;C:\Program Files\dotnet;C:\Program Files\Microsoft DNX\Dnvm;C:\Program Files\Microsoft\Web Platform Installer;C:\Go\bin;C:\Program Files\Git\cmd;C:\minGW\bin;C:\Program Files\nodejs;C:\Program Files (x86)\Skype\Phone;C:\Program Files (x86)\Yarn\bin;C:\Users\Léo\AppData\Local\Programs\Python\Python36-32;C:\Program Files (x86)\Windows Kits\8.1\Windows Performance Toolkit;C:\Users\Léo\.dnx\bin;C:\Program Files\Boot2Docker for Windows;C:\Program Files (x86)\Microsoft VS Code\bin;C:\mingw\bi;C:\Users\Léo\AppData\Roaming\npm;C:\Users\Léo\AppData\Local\Yarn\.bin;C:\Users\Léo\AppData\Local\Programs\Python\Python36-32;C:\Program Files\Git\usr\bin\vendor_perl;C:\Program Files\Git\usr\bin\core_perl
10 verbose lifecycle readium-desktop@0.0.1-alpha1~build: CWD: C:\Users\Léo\Desktop\readiium-desktop
11 silly lifecycle readium-desktop@0.0.1-alpha1~build: Args: [ '/d /s /c', 'cross-env BUILD_ENV=PROD webpack -p' ]
12 silly lifecycle readium-desktop@0.0.1-alpha1~build: Returned: code: 2  signal: null
13 info lifecycle readium-desktop@0.0.1-alpha1~build: Failed to exec build script
14 verbose stack Error: readium-desktop@0.0.1-alpha1 build: `cross-env BUILD_ENV=PROD webpack -p`
14 verbose stack Exit status 2
14 verbose stack     at EventEmitter.<anonymous> (C:\Program Files\nodejs\node_modules\npm\lib\utils\lifecycle.js:279:16)
14 verbose stack     at emitTwo (events.js:106:13)
14 verbose stack     at EventEmitter.emit (events.js:192:7)
14 verbose stack     at ChildProcess.<anonymous> (C:\Program Files\nodejs\node_modules\npm\lib\utils\spawn.js:40:14)
14 verbose stack     at emitTwo (events.js:106:13)
14 verbose stack     at ChildProcess.emit (events.js:192:7)
14 verbose stack     at maybeClose (internal/child_process.js:890:16)
14 verbose stack     at Process.ChildProcess._handle.onexit (internal/child_process.js:226:5)
15 verbose pkgid readium-desktop@0.0.1-alpha1
16 verbose cwd C:\Users\Léo\Desktop\readiium-desktop
17 error Windows_NT 10.0.10586
18 error argv "C:\\Program Files\\nodejs\\node.exe" "C:\\Program Files\\nodejs\\node_modules\\npm\\bin\\npm-cli.js" "run" "build"
19 error node v7.6.0
20 error npm  v4.1.2
21 error code ELIFECYCLE
22 error readium-desktop@0.0.1-alpha1 build: `cross-env BUILD_ENV=PROD webpack -p`
22 error Exit status 2
23 error Failed at the readium-desktop@0.0.1-alpha1 build script 'cross-env BUILD_ENV=PROD webpack -p'.
23 error Make sure you have the latest version of node.js and npm installed.
23 error If you do, this is most likely a problem with the readium-desktop package,
23 error not with npm itself.
23 error Tell the author that this fails on your system:
23 error     cross-env BUILD_ENV=PROD webpack -p
23 error You can get information on how to open an issue for this project with:
23 error     npm bugs readium-desktop
23 error Or if that isn't available, you can get their info via:
23 error     npm owner ls readium-desktop
23 error There is likely additional logging output above.
24 verbose exit [ 1, true ]
